<?xml version="1.0" encoding="UTF-8"?>
<testsuites>
  <testsuite name="fastlane.lanes">
    
    
    
      
      <testcase classname="fastlane.lanes" name="0: default_platform" time="0.006782">
        
      </testcase>
    
      
      <testcase classname="fastlane.lanes" name="1: xcodebuild" time="1.919974">
        
          <failure message="/Users/andrii/.fastlane/bin/bundle/lib/ruby/gems/2.2.0/gems/fastlane-2.131.0/fastlane/lib/fastlane/actions/actions_helper.rb:48:in `execute_action'&#10;/Users/andrii/.fastlane/bin/bundle/lib/ruby/gems/2.2.0/gems/fastlane-2.131.0/fastlane/lib/fastlane/runner.rb:235:in `block in execute_action'&#10;/Users/andrii/.fastlane/bin/bundle/lib/ruby/gems/2.2.0/gems/fastlane-2.131.0/fastlane/lib/fastlane/runner.rb:227:in `chdir'&#10;/Users/andrii/.fastlane/bin/bundle/lib/ruby/gems/2.2.0/gems/fastlane-2.131.0/fastlane/lib/fastlane/runner.rb:227:in `execute_action'&#10;/Users/andrii/.fastlane/bin/bundle/lib/ruby/gems/2.2.0/gems/fastlane-2.131.0/fastlane/lib/fastlane/runner.rb:157:in `trigger_action_by_name'&#10;/Users/andrii/.fastlane/bin/bundle/lib/ruby/gems/2.2.0/gems/fastlane-2.131.0/fastlane/lib/fastlane/fast_file.rb:154:in `method_missing'&#10;Fastfile:78:in `block (2 levels) in parsing_binding'&#10;/Users/andrii/.fastlane/bin/bundle/lib/ruby/gems/2.2.0/gems/fastlane-2.131.0/fastlane/lib/fastlane/lane.rb:33:in `call'&#10;/Users/andrii/.fastlane/bin/bundle/lib/ruby/gems/2.2.0/gems/fastlane-2.131.0/fastlane/lib/fastlane/lane.rb:33:in `call'&#10;/Users/andrii/.fastlane/bin/bundle/lib/ruby/gems/2.2.0/gems/fastlane-2.131.0/fastlane/lib/fastlane/runner.rb:49:in `block in execute'&#10;/Users/andrii/.fastlane/bin/bundle/lib/ruby/gems/2.2.0/gems/fastlane-2.131.0/fastlane/lib/fastlane/runner.rb:45:in `chdir'&#10;/Users/andrii/.fastlane/bin/bundle/lib/ruby/gems/2.2.0/gems/fastlane-2.131.0/fastlane/lib/fastlane/runner.rb:45:in `execute'&#10;/Users/andrii/.fastlane/bin/bundle/lib/ruby/gems/2.2.0/gems/fastlane-2.131.0/fastlane/lib/fastlane/lane_manager.rb:56:in `cruise_lane'&#10;/Users/andrii/.fastlane/bin/bundle/lib/ruby/gems/2.2.0/gems/fastlane-2.131.0/fastlane/lib/fastlane/command_line_handler.rb:36:in `handle'&#10;/Users/andrii/.fastlane/bin/bundle/lib/ruby/gems/2.2.0/gems/fastlane-2.131.0/fastlane/lib/fastlane/commands_generator.rb:108:in `block (2 levels) in run'&#10;/Users/andrii/.fastlane/bin/bundle/lib/ruby/gems/2.2.0/gems/commander-fastlane-4.4.6/lib/commander/command.rb:178:in `call'&#10;/Users/andrii/.fastlane/bin/bundle/lib/ruby/gems/2.2.0/gems/commander-fastlane-4.4.6/lib/commander/command.rb:178:in `call'&#10;/Users/andrii/.fastlane/bin/bundle/lib/ruby/gems/2.2.0/gems/commander-fastlane-4.4.6/lib/commander/command.rb:153:in `run'&#10;/Users/andrii/.fastlane/bin/bundle/lib/ruby/gems/2.2.0/gems/commander-fastlane-4.4.6/lib/commander/runner.rb:476:in `run_active_command'&#10;/Users/andrii/.fastlane/bin/bundle/lib/ruby/gems/2.2.0/gems/fastlane-2.131.0/fastlane_core/lib/fastlane_core/ui/fastlane_runner.rb:76:in `run!'&#10;/Users/andrii/.fastlane/bin/bundle/lib/ruby/gems/2.2.0/gems/commander-fastlane-4.4.6/lib/commander/delegates.rb:15:in `run!'&#10;/Users/andrii/.fastlane/bin/bundle/lib/ruby/gems/2.2.0/gems/fastlane-2.131.0/fastlane/lib/fastlane/commands_generator.rb:349:in `run'&#10;/Users/andrii/.fastlane/bin/bundle/lib/ruby/gems/2.2.0/gems/fastlane-2.131.0/fastlane/lib/fastlane/commands_generator.rb:41:in `start'&#10;/Users/andrii/.fastlane/bin/bundle/lib/ruby/gems/2.2.0/gems/fastlane-2.131.0/fastlane/lib/fastlane/cli_tools_distributor.rb:119:in `take_off'&#10;/Users/andrii/.fastlane/bin/bundle/lib/ruby/gems/2.2.0/gems/fastlane-2.131.0/bin/fastlane:23:in `&lt;top (required)&gt;'&#10;/Users/andrii/.fastlane/bin/bundle/bin/fastlane:22:in `load'&#10;/Users/andrii/.fastlane/bin/bundle/bin/fastlane:22:in `&lt;main&gt;'&#10;&#10;Exit status of command 'set -o pipefail &amp;&amp; xcodebuild -scheme &quot;UsersWidget&quot; -configuration &quot;Release&quot; clean build -workspace &quot;Rolique.xcworkspace&quot; | tee '/Users/andrii/Library/Logs/fastlane/xcbuild/2019-09-24/27879/xcodebuild.log' | xcpretty --color --simple' was 65 instead of 0.&#10;[33m▸[0m [39;1mClean[0m Succeeded&#10;&#10;[31m❌  error: Building for Mac Catalyst requires macOS 10.15 or later. (in target 'UsersWidget' from project 'Rolique')[0m&#10;&#10;&#10;** BUILD FAILED **&#10;&#10;" />
        
      </testcase>
    
  </testsuite>
</testsuites>
